# JRE version: OpenJDK Runtime Environment Temurin-21.0.7+6 (21.0.7+6) (build 21.0.7+6-LTS)
# Java VM: OpenJDK 64-Bit Server VM Temurin-21.0.7+6 (21.0.7+6-LTS, mixed mode, emulated-client, sharing, tiered, compressed oops, compressed class ptrs, g1 gc, windows-amd64)
GC Precious Log:
 CardTable entry size: 512
 Card Set container configuration: InlinePtr #cards 5 size 8 Array Of Cards #cards 12 size 40 Howl #buckets 4 coarsen threshold 1843 Howl Bitmap #cards 512 size 80 coarsen threshold 460 Card regions per heap region 1 cards per card region 2048
 CPUs: 8 total, 8 available
 Memory: 8022M
 Large Page Support: Disabled
 NUMA Support: Disabled
 Compressed Oops: Enabled (32-bit)
 Heap Region Size: 1M
 Heap Min Capacity: 8M
 Heap Initial Capacity: 126M
 Heap Max Capacity: 1G
 Pre-touch: Disabled
 Parallel Workers: 8
 Concurrent Workers: 2
 Concurrent Refinement Workers: 8
 Periodic GC: Disabled
Heap:
 garbage-first heap   total 144384K, used 67393K [0x00000000c0000000, 0x0000000100000000)
  region size 1024K, 1 young (1024K), 0 survivors (0K)
 Metaspace       used 60846K, committed 61824K, reserved 1114112K
  class space    used 7640K, committed 8064K, reserved 1048576K
GC Heap History (20 events):
Event: 24416.189 GC heap after
{Heap after GC invocations=1297 (full 1053):
 garbage-first heap   total 144384K, used 67384K [0x00000000c0000000, 0x0000000100000000)
  region size 1024K, 0 young (0K), 0 survivors (0K)
 Metaspace       used 60836K, committed 61824K, reserved 1114112K
  class space    used 7638K, committed 8064K, reserved 1048576K
}
Event: 24428.668 GC heap before
{Heap before GC invocations=1297 (full 1053):
 garbage-first heap   total 144384K, used 67384K [0x00000000c0000000, 0x0000000100000000)
  region size 1024K, 1 young (1024K), 0 survivors (0K)
 Metaspace       used 60846K, committed 61824K, reserved 1114112K
  class space    used 7640K, committed 8064K, reserved 1048576K
}
Event: 24429.282 GC heap after
{Heap after GC invocations=1298 (full 1054):
 garbage-first heap   total 144384K, used 67414K [0x00000000c0000000, 0x0000000100000000)
  region size 1024K, 0 young (0K), 0 survivors (0K)
 Metaspace       used 60846K, committed 61824K, reserved 1114112K
  class space    used 7640K, committed 8064K, reserved 1048576K
}
Event: 24439.599 GC heap before
{Heap before GC invocations=1298 (full 1054):
 garbage-first heap   total 144384K, used 67414K [0x00000000c0000000, 0x0000000100000000)
  region size 1024K, 1 young (1024K), 0 survivors (0K)
 Metaspace       used 60846K, committed 61824K, reserved 1114112K
  class space    used 7640K, committed 8064K, reserved 1048576K
}
Event: 24439.681 GC heap after
{Heap after GC invocations=1299 (full 1055):
 garbage-first heap   total 144384K, used 67415K [0x00000000c0000000, 0x0000000100000000)
  region size 1024K, 0 young (0K), 0 survivors (0K)
 Metaspace       used 60846K, committed 61824K, reserved 1114112K
  class space    used 7640K, committed 8064K, reserved 1048576K
}
Event: 24450.292 GC heap before
{Heap before GC invocations=1299 (full 1055):
 garbage-first heap   total 144384K, used 67415K [0x00000000c0000000, 0x0000000100000000)
  region size 1024K, 1 young (1024K), 0 survivors (0K)
 Metaspace       used 60846K, committed 61824K, reserved 1114112K
  class space    used 7640K, committed 8064K, reserved 1048576K
}
Event: 24450.424 GC heap after
{Heap after GC invocations=1300 (full 1056):
 garbage-first heap   total 144384K, used 67415K [0x00000000c0000000, 0x0000000100000000)
  region size 1024K, 0 young (0K), 0 survivors (0K)
 Metaspace       used 60846K, committed 61824K, reserved 1114112K
  class space    used 7640K, committed 8064K, reserved 1048576K
}
Event: 24460.862 GC heap before
{Heap before GC invocations=1300 (full 1056):
 garbage-first heap   total 144384K, used 67415K [0x00000000c0000000, 0x0000000100000000)
  region size 1024K, 1 young (1024K), 0 survivors (0K)
 Metaspace       used 60846K, committed 61824K, reserved 1114112K
  class space    used 7640K, committed 8064K, reserved 1048576K
}
Event: 24460.950 GC heap after
{Heap after GC invocations=1301 (full 1057):
 garbage-first heap   total 144384K, used 67398K [0x00000000c0000000, 0x0000000100000000)
  region size 1024K, 0 young (0K), 0 survivors (0K)
 Metaspace       used 60846K, committed 61824K, reserved 1114112K
  class space    used 7640K, committed 8064K, reserved 1048576K
}
Event: 24471.324 GC heap before
{Heap before GC invocations=1301 (full 1057):
 garbage-first heap   total 144384K, used 67398K [0x00000000c0000000, 0x0000000100000000)
  region size 1024K, 1 young (1024K), 0 survivors (0K)
 Metaspace       used 60846K, committed 61824K, reserved 1114112K
  class space    used 7640K, committed 8064K, reserved 1048576K
}
Event: 24471.457 GC heap after
{Heap after GC invocations=1302 (full 1058):
 garbage-first heap   total 144384K, used 67398K [0x00000000c0000000, 0x0000000100000000)
  region size 1024K, 0 young (0K), 0 survivors (0K)
 Metaspace       used 60846K, committed 61824K, reserved 1114112K
  class space    used 7640K, committed 8064K, reserved 1048576K
}
Event: 24481.941 GC heap before
{Heap before GC invocations=1302 (full 1058):
 garbage-first heap   total 144384K, used 67398K [0x00000000c0000000, 0x0000000100000000)
  region size 1024K, 1 young (1024K), 0 survivors (0K)
 Metaspace       used 60846K, committed 61824K, reserved 1114112K
  class space    used 7640K, committed 8064K, reserved 1048576K
}
Event: 24482.047 GC heap after
{Heap after GC invocations=1303 (full 1059):
 garbage-first heap   total 144384K, used 67398K [0x00000000c0000000, 0x0000000100000000)
  region size 1024K, 0 young (0K), 0 survivors (0K)
 Metaspace       used 60846K, committed 61824K, reserved 1114112K
  class space    used 7640K, committed 8064K, reserved 1048576K
}
Event: 24493.102 GC heap before
{Heap before GC invocations=1303 (full 1059):
 garbage-first heap   total 144384K, used 67398K [0x00000000c0000000, 0x0000000100000000)
  region size 1024K, 1 young (1024K), 0 survivors (0K)
 Metaspace       used 60846K, committed 61824K, reserved 1114112K
  class space    used 7640K, committed 8064K, reserved 1048576K
}
Event: 24493.213 GC heap after
{Heap after GC invocations=1304 (full 1060):
 garbage-first heap   total 144384K, used 67398K [0x00000000c0000000, 0x0000000100000000)
  region size 1024K, 0 young (0K), 0 survivors (0K)
 Metaspace       used 60846K, committed 61824K, reserved 1114112K
  class space    used 7640K, committed 8064K, reserved 1048576K
}
Event: 24503.647 GC heap before
{Heap before GC invocations=1304 (full 1060):
 garbage-first heap   total 144384K, used 67398K [0x00000000c0000000, 0x0000000100000000)
  region size 1024K, 1 young (1024K), 0 survivors (0K)
 Metaspace       used 60846K, committed 61824K, reserved 1114112K
  class space    used 7640K, committed 8064K, reserved 1048576K
}
Event: 24503.737 GC heap after
{Heap after GC invocations=1305 (full 1061):
 garbage-first heap   total 144384K, used 67393K [0x00000000c0000000, 0x0000000100000000)
  region size 1024K, 0 young (0K), 0 survivors (0K)
 Metaspace       used 60846K, committed 61824K, reserved 1114112K
  class space    used 7640K, committed 8064K, reserved 1048576K
}
Event: 24514.268 GC heap before
{Heap before GC invocations=1305 (full 1061):
 garbage-first heap   total 144384K, used 67393K [0x00000000c0000000, 0x0000000100000000)
  region size 1024K, 1 young (1024K), 0 survivors (0K)
 Metaspace       used 60846K, committed 61824K, reserved 1114112K
  class space    used 7640K, committed 8064K, reserved 1048576K
}
Event: 24514.397 GC heap after
{Heap after GC invocations=1306 (full 1062):
 garbage-first heap   total 144384K, used 67393K [0x00000000c0000000, 0x0000000100000000)
  region size 1024K, 0 young (0K), 0 survivors (0K)
 Metaspace       used 60846K, committed 61824K, reserved 1114112K
  class space    used 7640K, committed 8064K, reserved 1048576K
}
Event: 24525.044 GC heap before
{Heap before GC invocations=1306 (full 1062):
 garbage-first heap   total 144384K, used 67393K [0x00000000c0000000, 0x0000000100000000)
  region size 1024K, 1 young (1024K), 0 survivors (0K)
 Metaspace       used 60846K, committed 61824K, reserved 1114112K
  class space    used 7640K, committed 8064K, reserved 1048576K
}

